# JRE version: OpenJDK Runtime Environment (8.0_152-b01) (build 1.8.0_152-release-915-b01)
# Java VM: OpenJDK 64-Bit Server VM (25.152-b01 mixed mode windows-amd64 compressed oops)
Heap:
 PSYoungGen      total 307200K, used 289925K [0x00000000e0000000, 0x00000000f4d80000, 0x0000000100000000)
  eden space 282112K, 99% used [0x00000000e0000000,0x00000000f1365308,0x00000000f1380000)
  from space 25088K, 31% used [0x00000000f3500000,0x00000000f3cbc448,0x00000000f4d80000)
  to   space 29696K, 0% used [0x00000000f1380000,0x00000000f1380000,0x00000000f3080000)
 ParOldGen       total 140800K, used 88186K [0x00000000a0000000, 0x00000000a8980000, 0x00000000e0000000)
  object space 140800K, 62% used [0x00000000a0000000,0x00000000a561eaa8,0x00000000a8980000)
 Metaspace       used 78912K, capacity 83330K, committed 83712K, reserved 1122304K
  class space    used 9862K, capacity 10854K, committed 11008K, reserved 1048576K
GC Heap History (10 events):
Event: 8654.164 GC heap before
{Heap before GC invocations=57 (full 5):
 PSYoungGen      total 219648K, used 191959K [0x00000000e0000000, 0x00000000f1480000, 0x0000000100000000)
  eden space 186368K, 100% used [0x00000000e0000000,0x00000000eb600000,0x00000000eb600000)
  from space 33280K, 16% used [0x00000000eb600000,0x00000000ebb75f18,0x00000000ed680000)
  to   space 32256K, 0% used [0x00000000ef500000,0x00000000ef500000,0x00000000f1480000)
 ParOldGen       total 140800K, used 76943K [0x00000000a0000000, 0x00000000a8980000, 0x00000000e0000000)
  object space 140800K, 54% used [0x00000000a0000000,0x00000000a4b23ff8,0x00000000a8980000)
 Metaspace       used 77826K, capacity 81446K, committed 82176K, reserved 1120256K
  class space    used 9732K, capacity 10558K, committed 10752K, reserved 1048576K
Event: 8654.175 GC heap after
Heap after GC invocations=57 (full 5):
 PSYoungGen      total 245760K, used 13705K [0x00000000e0000000, 0x00000000f1100000, 0x0000000100000000)
  eden space 217088K, 0% used [0x00000000e0000000,0x00000000e0000000,0x00000000ed400000)
  from space 28672K, 47% used [0x00000000ef500000,0x00000000f0262720,0x00000000f1100000)
  to   space 31232K, 0% used [0x00000000ed400000,0x00000000ed400000,0x00000000ef280000)
 ParOldGen       total 140800K, used 77064K [0x00000000a0000000, 0x00000000a8980000, 0x00000000e0000000)
  object space 140800K, 54% used [0x00000000a0000000,0x00000000a4b42018,0x00000000a8980000)
 Metaspace       used 77826K, capacity 81446K, committed 82176K, reserved 1120256K
  class space    used 9732K, capacity 10558K, committed 10752K, reserved 1048576K
}
Event: 8654.742 GC heap before
{Heap before GC invocations=58 (full 5):
 PSYoungGen      total 245760K, used 230777K [0x00000000e0000000, 0x00000000f1100000, 0x0000000100000000)
  eden space 217088K, 99% used [0x00000000e0000000,0x00000000ed3fc0c8,0x00000000ed400000)
  from space 28672K, 47% used [0x00000000ef500000,0x00000000f0262720,0x00000000f1100000)
  to   space 31232K, 0% used [0x00000000ed400000,0x00000000ed400000,0x00000000ef280000)
 ParOldGen       total 140800K, used 77064K [0x00000000a0000000, 0x00000000a8980000, 0x00000000e0000000)
  object space 140800K, 54% used [0x00000000a0000000,0x00000000a4b42018,0x00000000a8980000)
 Metaspace       used 77852K, capacity 81446K, committed 82176K, reserved 1120256K
  class space    used 9732K, capacity 10558K, committed 10752K, reserved 1048576K
Event: 8654.751 GC heap after
Heap after GC invocations=58 (full 5):
 PSYoungGen      total 248320K, used 3081K [0x00000000e0000000, 0x00000000f3280000, 0x0000000100000000)
  eden space 217088K, 0% used [0x00000000e0000000,0x00000000e0000000,0x00000000ed400000)
  from space 31232K, 9% used [0x00000000ed400000,0x00000000ed702628,0x00000000ef280000)
  to   space 30720K, 0% used [0x00000000f1480000,0x00000000f1480000,0x00000000f3280000)
 ParOldGen       total 140800K, used 81481K [0x00000000a0000000, 0x00000000a8980000, 0x00000000e0000000)
  object space 140800K, 57% used [0x00000000a0000000,0x00000000a4f92400,0x00000000a8980000)
 Metaspace       used 77852K, capacity 81446K, committed 82176K, reserved 1120256K
  class space    used 9732K, capacity 10558K, committed 10752K, reserved 1048576K
}
Event: 9799.292 GC heap before
{Heap before GC invocations=59 (full 5):
 PSYoungGen      total 248320K, used 220169K [0x00000000e0000000, 0x00000000f3280000, 0x0000000100000000)
  eden space 217088K, 100% used [0x00000000e0000000,0x00000000ed400000,0x00000000ed400000)
  from space 31232K, 9% used [0x00000000ed400000,0x00000000ed702628,0x00000000ef280000)
  to   space 30720K, 0% used [0x00000000f1480000,0x00000000f1480000,0x00000000f3280000)
 ParOldGen       total 140800K, used 81481K [0x00000000a0000000, 0x00000000a8980000, 0x00000000e0000000)
  object space 140800K, 57% used [0x00000000a0000000,0x00000000a4f92400,0x00000000a8980000)
 Metaspace       used 78213K, capacity 82114K, committed 82560K, reserved 1120256K
  class space    used 9775K, capacity 10676K, committed 10880K, reserved 1048576K
Event: 9799.299 GC heap after
Heap after GC invocations=59 (full 5):
 PSYoungGen      total 274944K, used 7629K [0x00000000e0000000, 0x00000000f2d00000, 0x0000000100000000)
  eden space 249856K, 0% used [0x00000000e0000000,0x00000000e0000000,0x00000000ef400000)
  from space 25088K, 30% used [0x00000000f1480000,0x00000000f1bf3568,0x00000000f2d00000)
  to   space 29184K, 0% used [0x00000000ef400000,0x00000000ef400000,0x00000000f1080000)
 ParOldGen       total 140800K, used 82821K [0x00000000a0000000, 0x00000000a8980000, 0x00000000e0000000)
  object space 140800K, 58% used [0x00000000a0000000,0x00000000a50e1470,0x00000000a8980000)
 Metaspace       used 78213K, capacity 82114K, committed 82560K, reserved 1120256K
  class space    used 9775K, capacity 10676K, committed 10880K, reserved 1048576K
}
Event: 9800.620 GC heap before
{Heap before GC invocations=60 (full 5):
 PSYoungGen      total 274944K, used 257485K [0x00000000e0000000, 0x00000000f2d00000, 0x0000000100000000)
  eden space 249856K, 100% used [0x00000000e0000000,0x00000000ef400000,0x00000000ef400000)
  from space 25088K, 30% used [0x00000000f1480000,0x00000000f1bf3568,0x00000000f2d00000)
  to   space 29184K, 0% used [0x00000000ef400000,0x00000000ef400000,0x00000000f1080000)
 ParOldGen       total 140800K, used 82821K [0x00000000a0000000, 0x00000000a8980000, 0x00000000e0000000)
  object space 140800K, 58% used [0x00000000a0000000,0x00000000a50e1470,0x00000000a8980000)
 Metaspace       used 78618K, capacity 82806K, committed 83200K, reserved 1122304K
  class space    used 9831K, capacity 10780K, committed 11008K, reserved 1048576K
Event: 9800.628 GC heap after
Heap after GC invocations=60 (full 5):
 PSYoungGen      total 279040K, used 21004K [0x00000000e0000000, 0x00000000f5380000, 0x0000000100000000)
  eden space 249856K, 0% used [0x00000000e0000000,0x00000000e0000000,0x00000000ef400000)
  from space 29184K, 71% used [0x00000000ef400000,0x00000000f0883000,0x00000000f1080000)
  to   space 31232K, 0% used [0x00000000f3500000,0x00000000f3500000,0x00000000f5380000)
 ParOldGen       total 140800K, used 84198K [0x00000000a0000000, 0x00000000a8980000, 0x00000000e0000000)
  object space 140800K, 59% used [0x00000000a0000000,0x00000000a52399a8,0x00000000a8980000)
 Metaspace       used 78618K, capacity 82806K, committed 83200K, reserved 1122304K
  class space    used 9831K, capacity 10780K, committed 11008K, reserved 1048576K
}
Event: 9859.564 GC heap before
{Heap before GC invocations=61 (full 5):
 PSYoungGen      total 279040K, used 270860K [0x00000000e0000000, 0x00000000f5380000, 0x0000000100000000)
  eden space 249856K, 100% used [0x00000000e0000000,0x00000000ef400000,0x00000000ef400000)
  from space 29184K, 71% used [0x00000000ef400000,0x00000000f0883000,0x00000000f1080000)
  to   space 31232K, 0% used [0x00000000f3500000,0x00000000f3500000,0x00000000f5380000)
 ParOldGen       total 140800K, used 84198K [0x00000000a0000000, 0x00000000a8980000, 0x00000000e0000000)
  object space 140800K, 59% used [0x00000000a0000000,0x00000000a52399a8,0x00000000a8980000)
 Metaspace       used 78754K, capacity 83062K, committed 83456K, reserved 1122304K
  class space    used 9850K, capacity 10832K, committed 11008K, reserved 1048576K
Event: 9859.577 GC heap after
Heap after GC invocations=61 (full 5):
 PSYoungGen      total 307200K, used 7921K [0x00000000e0000000, 0x00000000f4d80000, 0x0000000100000000)
  eden space 282112K, 0% used [0x00000000e0000000,0x00000000e0000000,0x00000000f1380000)
  from space 25088K, 31% used [0x00000000f3500000,0x00000000f3cbc448,0x00000000f4d80000)
  to   space 29696K, 0% used [0x00000000f1380000,0x00000000f1380000,0x00000000f3080000)
 ParOldGen       total 140800K, used 88186K [0x00000000a0000000, 0x00000000a8980000, 0x00000000e0000000)
  object space 140800K, 62% used [0x00000000a0000000,0x00000000a561eaa8,0x00000000a8980000)
 Metaspace       used 78754K, capacity 83062K, committed 83456K, reserved 1122304K
  class space    used 9850K, capacity 10832K, committed 11008K, reserved 1048576K
}

